<?xml version="1.0" encoding="UTF-8"?>
<!-- Generated by org.testng.reporters.JUnitReportReporter -->
<testsuite skipped="0" hostname="FAI-BLR02L1065" name="testhellowworld_sesha2.Testhellowworld2" tests="1" failures="0" timestamp="2021-04-20T14:49:11 IST" time="0.004" errors="0">
  <testcase name="hellowworld2" time="0.004" classname="testhellowworld_sesha2.Testhellowworld2"/>
  <system-out/>
</testsuite> <!-- testhellowworld_sesha2.Testhellowworld2 -->
