<?xml version="1.0" encoding="UTF-8"?>
<!-- Generated by org.testng.reporters.JUnitReportReporter -->
<testsuite skipped="0" hostname="FAI-BLR02L1065" name="helloworld3.TestHelloworld3" tests="1" failures="0" timestamp="2021-04-21T18:16:44 IST" time="0.005" errors="0">
  <testcase name="HelloWorld3" time="0.005" classname="helloworld3.TestHelloworld3"/>
  <system-out/>
</testsuite> <!-- helloworld3.TestHelloworld3 -->
