<?xml version="1.0" encoding="UTF-8"?>
<!-- Generated by org.testng.reporters.JUnitReportReporter -->
<testsuite skipped="0" hostname="FAI-BLR02L1065" name="TestHelloWorld_Sesha.TestHelloWorld" tests="1" failures="0" timestamp="2021-04-20T13:17:50 IST" time="0.006" errors="0">
  <testcase name="TestHelloWorld" time="0.006" classname="TestHelloWorld_Sesha.TestHelloWorld"/>
  <system-out/>
</testsuite> <!-- TestHelloWorld_Sesha.TestHelloWorld -->
