<?xml version="1.0" encoding="UTF-8"?>
<!-- Generated by org.testng.reporters.JUnitReportReporter -->
<testsuite skipped="0" hostname="FAI-BLR02L1065" name="TestHelloWorld_Sesha.TestHelloWorld" tests="1" failures="0" timestamp="2021-04-18T19:48:16 IST" time="0.007" errors="0">
  <testcase name="TestHelloWorld" time="0.007" classname="TestHelloWorld_Sesha.TestHelloWorld"/>
  <system-out/>
</testsuite> <!-- TestHelloWorld_Sesha.TestHelloWorld -->
