<?xml version="1.0" encoding="UTF-8"?>
<!-- Generated by org.testng.reporters.JUnitReportReporter -->
<testsuite skipped="0" hostname="FAI-BLR02L1065" name="sample.Testsample" tests="1" failures="0" timestamp="2021-04-23T12:16:07 IST" time="0.008" errors="0">
  <testcase name="TestHelloWorld" time="0.008" classname="sample.Testsample"/>
  <system-out/>
</testsuite> <!-- sample.Testsample -->
